# JRE version: Java(TM) SE Runtime Environment (8.0_191-b12) (build 1.8.0_191-b12)
# Java VM: Java HotSpot(TM) 64-Bit Server VM (25.191-b12 mixed mode windows-amd64 compressed oops)
Heap:
 PSYoungGen      total 38400K, used 24005K [0x00000000d5a00000, 0x00000000d8480000, 0x0000000100000000)
  eden space 33280K, 72% used [0x00000000d5a00000,0x00000000d71715f8,0x00000000d7a80000)
  from space 5120K, 0% used [0x00000000d7f80000,0x00000000d7f80000,0x00000000d8480000)
  to   space 5120K, 0% used [0x00000000d7a80000,0x00000000d7a80000,0x00000000d7f80000)
 ParOldGen       total 71680K, used 13336K [0x0000000080e00000, 0x0000000085400000, 0x00000000d5a00000)
  object space 71680K, 18% used [0x0000000080e00000,0x0000000081b06060,0x0000000085400000)
 Metaspace       used 16905K, capacity 17150K, committed 17408K, reserved 1064960K
  class space    used 1952K, capacity 2039K, committed 2048K, reserved 1048576K
GC Heap History (6 events):
Event: 5.607 GC heap before
{Heap before GC invocations=1 (full 0):
 PSYoungGen      total 38400K, used 31806K [0x00000000d5a00000, 0x00000000d8480000, 0x0000000100000000)
  eden space 33280K, 95% used [0x00000000d5a00000,0x00000000d790fac8,0x00000000d7a80000)
  from space 5120K, 0% used [0x00000000d7f80000,0x00000000d7f80000,0x00000000d8480000)
  to   space 5120K, 0% used [0x00000000d7a80000,0x00000000d7a80000,0x00000000d7f80000)
 ParOldGen       total 87552K, used 0K [0x0000000080e00000, 0x0000000086380000, 0x00000000d5a00000)
  object space 87552K, 0% used [0x0000000080e00000,0x0000000080e00000,0x0000000086380000)
 Metaspace       used 10741K, capacity 11002K, committed 11264K, reserved 1058816K
  class space    used 1382K, capacity 1459K, committed 1536K, reserved 1048576K
Event: 5.631 GC heap after
Heap after GC invocations=1 (full 0):
 PSYoungGen      total 38400K, used 5088K [0x00000000d5a00000, 0x00000000d8480000, 0x0000000100000000)
  eden space 33280K, 0% used [0x00000000d5a00000,0x00000000d5a00000,0x00000000d7a80000)
  from space 5120K, 99% used [0x00000000d7a80000,0x00000000d7f78180,0x00000000d7f80000)
  to   space 5120K, 0% used [0x00000000d7f80000,0x00000000d7f80000,0x00000000d8480000)
 ParOldGen       total 87552K, used 19502K [0x0000000080e00000, 0x0000000086380000, 0x00000000d5a00000)
  object space 87552K, 22% used [0x0000000080e00000,0x000000008210b9b0,0x0000000086380000)
 Metaspace       used 10741K, capacity 11002K, committed 11264K, reserved 1058816K
  class space    used 1382K, capacity 1459K, committed 1536K, reserved 1048576K
}
Event: 5.697 GC heap before
{Heap before GC invocations=2 (full 0):
 PSYoungGen      total 38400K, used 12377K [0x00000000d5a00000, 0x00000000d8480000, 0x0000000100000000)
  eden space 33280K, 21% used [0x00000000d5a00000,0x00000000d611e4a8,0x00000000d7a80000)
  from space 5120K, 99% used [0x00000000d7a80000,0x00000000d7f78180,0x00000000d7f80000)
  to   space 5120K, 0% used [0x00000000d7f80000,0x00000000d7f80000,0x00000000d8480000)
 ParOldGen       total 87552K, used 19502K [0x0000000080e00000, 0x0000000086380000, 0x00000000d5a00000)
  object space 87552K, 22% used [0x0000000080e00000,0x000000008210b9b0,0x0000000086380000)
 Metaspace       used 11253K, capacity 11452K, committed 11520K, reserved 1062912K
  class space    used 1446K, capacity 1525K, committed 1536K, reserved 1048576K
Event: 5.713 GC heap after
Heap after GC invocations=2 (full 0):
 PSYoungGen      total 38400K, used 5104K [0x00000000d5a00000, 0x00000000d8480000, 0x0000000100000000)
  eden space 33280K, 0% used [0x00000000d5a00000,0x00000000d5a00000,0x00000000d7a80000)
  from space 5120K, 99% used [0x00000000d7f80000,0x00000000d847c170,0x00000000d8480000)
  to   space 5120K, 0% used [0x00000000d7a80000,0x00000000d7a80000,0x00000000d7f80000)
 ParOldGen       total 87552K, used 23210K [0x0000000080e00000, 0x0000000086380000, 0x00000000d5a00000)
  object space 87552K, 26% used [0x0000000080e00000,0x00000000824aaa38,0x0000000086380000)
 Metaspace       used 11253K, capacity 11452K, committed 11520K, reserved 1062912K
  class space    used 1446K, capacity 1525K, committed 1536K, reserved 1048576K
}
Event: 5.713 GC heap before
{Heap before GC invocations=3 (full 1):
 PSYoungGen      total 38400K, used 5104K [0x00000000d5a00000, 0x00000000d8480000, 0x0000000100000000)
  eden space 33280K, 0% used [0x00000000d5a00000,0x00000000d5a00000,0x00000000d7a80000)
  from space 5120K, 99% used [0x00000000d7f80000,0x00000000d847c170,0x00000000d8480000)
  to   space 5120K, 0% used [0x00000000d7a80000,0x00000000d7a80000,0x00000000d7f80000)
 ParOldGen       total 87552K, used 23210K [0x0000000080e00000, 0x0000000086380000, 0x00000000d5a00000)
  object space 87552K, 26% used [0x0000000080e00000,0x00000000824aaa38,0x0000000086380000)
 Metaspace       used 11253K, capacity 11452K, committed 11520K, reserved 1062912K
  class space    used 1446K, capacity 1525K, committed 1536K, reserved 1048576K
Event: 5.738 GC heap after
Heap after GC invocations=3 (full 1):
 PSYoungGen      total 38400K, used 0K [0x00000000d5a00000, 0x00000000d8480000, 0x0000000100000000)
  eden space 33280K, 0% used [0x00000000d5a00000,0x00000000d5a00000,0x00000000d7a80000)
  from space 5120K, 0% used [0x00000000d7f80000,0x00000000d7f80000,0x00000000d8480000)
  to   space 5120K, 0% used [0x00000000d7a80000,0x00000000d7a80000,0x00000000d7f80000)
 ParOldGen       total 71680K, used 13336K [0x0000000080e00000, 0x0000000085400000, 0x00000000d5a00000)
  object space 71680K, 18% used [0x0000000080e00000,0x0000000081b06060,0x0000000085400000)
 Metaspace       used 11253K, capacity 11452K, committed 11520K, reserved 1060864K
  class space    used 1446K, capacity 1525K, committed 1536K, reserved 1048576K
}

